{"contracts/BTCCToken.sol":{"l":{"23":8,"24":8,"27":8,"28":8,"74":1,"78":16,"79":12,"83":1,"86":1,"87":1,"88":1,"89":1,"113":1,"114":1,"115":1,"116":1,"121":2,"122":2,"123":1,"125":1,"127":1,"128":1,"135":5,"142":4,"150":23,"160":2,"161":1,"162":1,"163":1,"164":1,"177":1,"178":1,"179":1,"193":1,"194":1,"195":1,"196":1,"197":1,"198":1,"209":1,"210":1,"211":1,"213":1,"214":1,"218":2,"219":2,"225":2,"226":1,"227":1,"228":1,"229":1,"233":1,"234":1,"236":1,"237":1,"238":1,"240":1,"241":1,"249":4,"257":0,"265":0,"269":1,"270":1},"path":"/home/abhi/Projects/btcCredit/contracts/BTCCToken.sol","s":{"1":8,"2":8,"3":8,"4":8,"5":1,"6":16,"7":1,"8":1,"9":1,"10":1,"11":1,"12":1,"13":1,"14":1,"15":1,"16":2,"17":2,"18":1,"19":1,"20":1,"21":1,"22":5,"23":4,"24":23,"25":2,"26":1,"27":1,"28":1,"29":1,"30":1,"31":1,"32":1,"33":1,"34":1,"35":1,"36":1,"37":1,"38":1,"39":1,"40":1,"41":1,"42":1,"43":1,"44":2,"45":2,"46":2,"47":1,"48":1,"49":1,"50":1,"51":1,"52":1,"53":1,"54":1,"55":1,"56":1,"57":1,"58":4,"59":0,"60":0,"61":1,"62":1},"b":{"1":[8,0],"2":[8,0],"3":[12,4],"4":[1,0],"5":[1,1],"6":[1,1],"7":[1,0],"8":[1,0],"9":[1,1],"10":[1,0],"11":[1,0]},"f":{"1":8,"2":8,"3":1,"4":16,"5":1,"6":1,"7":1,"8":2,"9":5,"10":4,"11":23,"12":2,"13":1,"14":1,"15":1,"16":2,"17":2,"18":1,"19":4,"20":0,"21":0,"22":1},"fnMap":{"1":{"name":"safeAdd","line":22,"loc":{"start":{"line":22,"column":4},"end":{"line":22,"column":65}}},"2":{"name":"safeSub","line":26,"loc":{"start":{"line":26,"column":4},"end":{"line":26,"column":65}}},"3":{"name":null,"line":73,"loc":{"start":{"line":73,"column":4},"end":{"line":73,"column":22}}},"4":{"name":"onlyOwner","line":77,"loc":{"start":{"line":77,"column":4},"end":{"line":77,"column":20}}},"5":{"name":"transferOwnership","line":82,"loc":{"start":{"line":82,"column":4},"end":{"line":82,"column":64}}},"6":{"name":"acceptOwnership","line":85,"loc":{"start":{"line":85,"column":4},"end":{"line":85,"column":35}}},"7":{"name":null,"line":112,"loc":{"start":{"line":112,"column":4},"end":{"line":112,"column":22}}},"8":{"name":"distributeTokens","line":119,"loc":{"start":{"line":119,"column":4},"end":{"line":119,"column":92}}},"9":{"name":"distributedTokenCount","line":134,"loc":{"start":{"line":134,"column":4},"end":{"line":134,"column":71}}},"10":{"name":"totalSupply","line":141,"loc":{"start":{"line":141,"column":4},"end":{"line":141,"column":51}}},"11":{"name":"balanceOf","line":149,"loc":{"start":{"line":149,"column":4},"end":{"line":149,"column":75}}},"12":{"name":"transfer","line":159,"loc":{"start":{"line":159,"column":4},"end":{"line":159,"column":74}}},"13":{"name":"approve","line":176,"loc":{"start":{"line":176,"column":4},"end":{"line":176,"column":78}}},"14":{"name":"transferFrom","line":192,"loc":{"start":{"line":192,"column":4},"end":{"line":192,"column":92}}},"15":{"name":"mintToken","line":208,"loc":{"start":{"line":208,"column":4},"end":{"line":208,"column":77}}},"16":{"name":"freezeAccount","line":217,"loc":{"start":{"line":217,"column":4},"end":{"line":217,"column":72}}},"17":{"name":"burn","line":224,"loc":{"start":{"line":224,"column":4},"end":{"line":224,"column":68}}},"18":{"name":"burnFrom","line":232,"loc":{"start":{"line":232,"column":4},"end":{"line":232,"column":87}}},"19":{"name":"allowance","line":248,"loc":{"start":{"line":248,"column":4},"end":{"line":248,"column":94}}},"20":{"name":null,"line":256,"loc":{"start":{"line":256,"column":4},"end":{"line":256,"column":28}}},"21":{"name":"transferAnyERC20Token","line":264,"loc":{"start":{"line":264,"column":4},"end":{"line":264,"column":107}}},"22":{"name":"destroyContract","line":268,"loc":{"start":{"line":268,"column":4},"end":{"line":268,"column":45}}}},"statementMap":{"1":{"start":{"line":23,"column":8},"end":{"line":23,"column":16}},"2":{"start":{"line":24,"column":8},"end":{"line":24,"column":66}},"3":{"start":{"line":27,"column":8},"end":{"line":27,"column":72}},"4":{"start":{"line":28,"column":8},"end":{"line":28,"column":16}},"5":{"start":{"line":74,"column":8},"end":{"line":74,"column":25}},"6":{"start":{"line":78,"column":8},"end":{"line":78,"column":56}},"7":{"start":{"line":83,"column":8},"end":{"line":83,"column":27}},"8":{"start":{"line":86,"column":8},"end":{"line":86,"column":59}},"9":{"start":{"line":87,"column":8},"end":{"line":87,"column":50}},"10":{"start":{"line":88,"column":8},"end":{"line":88,"column":23}},"11":{"start":{"line":89,"column":8},"end":{"line":89,"column":28}},"12":{"start":{"line":113,"column":8},"end":{"line":113,"column":22}},"13":{"start":{"line":114,"column":8},"end":{"line":114,"column":31}},"14":{"start":{"line":115,"column":8},"end":{"line":115,"column":20}},"15":{"start":{"line":116,"column":8},"end":{"line":116,"column":56}},"16":{"start":{"line":121,"column":8},"end":{"line":121,"column":60}},"17":{"start":{"line":122,"column":8},"end":{"line":122,"column":82}},"18":{"start":{"line":123,"column":8},"end":{"line":123,"column":64}},"19":{"start":{"line":125,"column":8},"end":{"line":125,"column":72}},"20":{"start":{"line":127,"column":8},"end":{"line":127,"column":53}},"21":{"start":{"line":128,"column":8},"end":{"line":128,"column":19}},"22":{"start":{"line":135,"column":8},"end":{"line":135,"column":37}},"23":{"start":{"line":142,"column":8},"end":{"line":142,"column":50}},"24":{"start":{"line":150,"column":8},"end":{"line":150,"column":35}},"25":{"start":{"line":160,"column":8},"end":{"line":160,"column":63}},"26":{"start":{"line":161,"column":8},"end":{"line":161,"column":67}},"27":{"start":{"line":162,"column":8},"end":{"line":162,"column":51}},"28":{"start":{"line":163,"column":8},"end":{"line":163,"column":45}},"29":{"start":{"line":164,"column":8},"end":{"line":164,"column":19}},"30":{"start":{"line":177,"column":8},"end":{"line":177,"column":44}},"31":{"start":{"line":178,"column":8},"end":{"line":178,"column":50}},"32":{"start":{"line":179,"column":8},"end":{"line":179,"column":19}},"33":{"start":{"line":193,"column":8},"end":{"line":193,"column":64}},"34":{"start":{"line":194,"column":8},"end":{"line":194,"column":55}},"35":{"start":{"line":195,"column":8},"end":{"line":195,"column":77}},"36":{"start":{"line":196,"column":8},"end":{"line":196,"column":51}},"37":{"start":{"line":197,"column":8},"end":{"line":197,"column":39}},"38":{"start":{"line":198,"column":8},"end":{"line":198,"column":19}},"39":{"start":{"line":209,"column":8},"end":{"line":209,"column":60}},"40":{"start":{"line":210,"column":8},"end":{"line":210,"column":68}},"41":{"start":{"line":211,"column":8},"end":{"line":211,"column":58}},"42":{"start":{"line":213,"column":8},"end":{"line":213,"column":45}},"43":{"start":{"line":214,"column":8},"end":{"line":214,"column":51}},"44":{"start":{"line":218,"column":8},"end":{"line":218,"column":39}},"45":{"start":{"line":219,"column":8},"end":{"line":219,"column":42}},"46":{"start":{"line":225,"column":8},"end":{"line":225,"column":75}},"47":{"start":{"line":226,"column":8},"end":{"line":226,"column":74}},"48":{"start":{"line":227,"column":8},"end":{"line":227,"column":58}},"49":{"start":{"line":228,"column":8},"end":{"line":228,"column":44}},"50":{"start":{"line":229,"column":8},"end":{"line":229,"column":19}},"51":{"start":{"line":233,"column":8},"end":{"line":233,"column":70}},"52":{"start":{"line":234,"column":8},"end":{"line":234,"column":81}},"53":{"start":{"line":236,"column":8},"end":{"line":236,"column":64}},"54":{"start":{"line":237,"column":8},"end":{"line":237,"column":86}},"55":{"start":{"line":238,"column":8},"end":{"line":238,"column":58}},"56":{"start":{"line":240,"column":8},"end":{"line":240,"column":39}},"57":{"start":{"line":241,"column":8},"end":{"line":241,"column":19}},"58":{"start":{"line":249,"column":8},"end":{"line":249,"column":43}},"59":{"start":{"line":257,"column":5},"end":{"line":257,"column":27}},"60":{"start":{"line":265,"column":8},"end":{"line":265,"column":67}},"61":{"start":{"line":269,"column":8},"end":{"line":269,"column":24}},"62":{"start":{"line":270,"column":8},"end":{"line":270,"column":26}}},"branchMap":{"1":{"line":24,"type":"if","locations":[{"start":{"line":24,"column":8},"end":{"line":24,"column":8}},{"start":{"line":24,"column":8},"end":{"line":24,"column":8}}]},"2":{"line":27,"type":"if","locations":[{"start":{"line":27,"column":8},"end":{"line":27,"column":8}},{"start":{"line":27,"column":8},"end":{"line":27,"column":8}}]},"3":{"line":78,"type":"if","locations":[{"start":{"line":78,"column":8},"end":{"line":78,"column":8}},{"start":{"line":78,"column":8},"end":{"line":78,"column":8}}]},"4":{"line":86,"type":"if","locations":[{"start":{"line":86,"column":8},"end":{"line":86,"column":8}},{"start":{"line":86,"column":8},"end":{"line":86,"column":8}}]},"5":{"line":122,"type":"if","locations":[{"start":{"line":122,"column":8},"end":{"line":122,"column":8}},{"start":{"line":122,"column":8},"end":{"line":122,"column":8}}]},"6":{"line":160,"type":"if","locations":[{"start":{"line":160,"column":8},"end":{"line":160,"column":8}},{"start":{"line":160,"column":8},"end":{"line":160,"column":8}}]},"7":{"line":193,"type":"if","locations":[{"start":{"line":193,"column":8},"end":{"line":193,"column":8}},{"start":{"line":193,"column":8},"end":{"line":193,"column":8}}]},"8":{"line":209,"type":"if","locations":[{"start":{"line":209,"column":8},"end":{"line":209,"column":8}},{"start":{"line":209,"column":8},"end":{"line":209,"column":8}}]},"9":{"line":225,"type":"if","locations":[{"start":{"line":225,"column":8},"end":{"line":225,"column":8}},{"start":{"line":225,"column":8},"end":{"line":225,"column":8}}]},"10":{"line":233,"type":"if","locations":[{"start":{"line":233,"column":8},"end":{"line":233,"column":8}},{"start":{"line":233,"column":8},"end":{"line":233,"column":8}}]},"11":{"line":234,"type":"if","locations":[{"start":{"line":234,"column":8},"end":{"line":234,"column":8}},{"start":{"line":234,"column":8},"end":{"line":234,"column":8}}]}}},"contracts/TokenA.sol":{"l":{"12":1,"13":0,"15":1,"16":1,"17":1,"25":0,"27":0,"34":0,"35":0,"42":1,"43":1,"44":1,"86":0,"95":0,"96":0,"99":0,"100":0,"101":0,"102":0,"111":0,"135":0,"136":0,"137":0,"139":0,"140":0,"141":0,"142":0,"143":0,"158":0,"159":0,"160":0,"161":0,"171":0,"185":0,"186":0,"187":0,"201":0,"202":0,"203":0,"205":0,"207":0,"208":0,"230":1,"237":0,"238":0,"246":0,"247":0,"248":0,"261":0,"265":0,"269":0,"273":0,"277":0,"284":0,"285":0,"286":0,"287":0,"288":0,"289":0,"302":1,"303":1,"304":1},"path":"/home/abhi/Projects/btcCredit/contracts/TokenA.sol","s":{"1":1,"2":0,"3":1,"4":1,"5":1,"6":0,"7":0,"8":0,"9":0,"10":1,"11":1,"12":1,"13":0,"14":0,"15":0,"16":0,"17":0,"18":0,"19":0,"20":0,"21":0,"22":0,"23":0,"24":0,"25":0,"26":0,"27":0,"28":0,"29":0,"30":0,"31":0,"32":0,"33":0,"34":0,"35":0,"36":0,"37":0,"38":0,"39":0,"40":0,"41":0,"42":0,"43":1,"44":0,"45":0,"46":0,"47":0,"48":0,"49":0,"50":0,"51":0,"52":0,"53":0,"54":0,"55":0,"56":0,"57":0,"58":0,"59":1,"60":1,"61":1},"b":{"1":[0,1],"2":[1,0],"3":[0,0],"4":[1,0],"5":[0,0],"6":[0,0],"7":[0,0],"8":[0,0],"9":[0,0],"10":[0,0],"11":[0,0],"12":[0,0],"13":[0,0],"14":[0,0],"15":[1,0]},"f":{"1":1,"2":0,"3":0,"4":1,"5":0,"6":0,"7":0,"8":0,"9":0,"10":0,"11":0,"12":0,"13":1,"14":0,"15":0,"16":0,"17":0,"18":0,"19":0,"20":0,"21":0,"22":1},"fnMap":{"1":{"name":"mul","line":11,"loc":{"start":{"line":11,"column":2},"end":{"line":11,"column":68}}},"2":{"name":"div","line":23,"loc":{"start":{"line":23,"column":2},"end":{"line":23,"column":68}}},"3":{"name":"sub","line":33,"loc":{"start":{"line":33,"column":2},"end":{"line":33,"column":68}}},"4":{"name":"add","line":41,"loc":{"start":{"line":41,"column":2},"end":{"line":41,"column":68}}},"5":{"name":"totalSupply","line":85,"loc":{"start":{"line":85,"column":2},"end":{"line":85,"column":54}}},"6":{"name":"transfer","line":94,"loc":{"start":{"line":94,"column":2},"end":{"line":94,"column":70}}},"7":{"name":"balanceOf","line":110,"loc":{"start":{"line":110,"column":2},"end":{"line":110,"column":74}}},"8":{"name":"transferFrom","line":134,"loc":{"start":{"line":134,"column":2},"end":{"line":134,"column":89}}},"9":{"name":"approve","line":156,"loc":{"start":{"line":156,"column":2},"end":{"line":156,"column":74}}},"10":{"name":"allowance","line":170,"loc":{"start":{"line":170,"column":2},"end":{"line":170,"column":84}}},"11":{"name":"increaseApproval","line":184,"loc":{"start":{"line":184,"column":2},"end":{"line":184,"column":85}}},"12":{"name":"decreaseApproval","line":200,"loc":{"start":{"line":200,"column":2},"end":{"line":200,"column":90}}},"13":{"name":null,"line":229,"loc":{"start":{"line":229,"column":0},"end":{"line":229,"column":22}}},"14":{"name":"onlyOwner","line":236,"loc":{"start":{"line":236,"column":2},"end":{"line":236,"column":22}}},"15":{"name":"transferOwnership","line":245,"loc":{"start":{"line":245,"column":2},"end":{"line":245,"column":63}}},"16":{"name":"transfer","line":260,"loc":{"start":{"line":260,"column":2},"end":{"line":260,"column":70}}},"17":{"name":"transferFrom","line":264,"loc":{"start":{"line":264,"column":2},"end":{"line":264,"column":89}}},"18":{"name":"approve","line":268,"loc":{"start":{"line":268,"column":2},"end":{"line":268,"column":74}}},"19":{"name":"increaseApproval","line":272,"loc":{"start":{"line":272,"column":2},"end":{"line":272,"column":93}}},"20":{"name":"decreaseApproval","line":276,"loc":{"start":{"line":276,"column":2},"end":{"line":276,"column":98}}},"21":{"name":"releaseTokens","line":282,"loc":{"start":{"line":282,"column":2},"end":{"line":283,"column":3}}},"22":{"name":null,"line":300,"loc":{"start":{"line":300,"column":2},"end":{"line":301,"column":3}}}},"statementMap":{"1":{"start":{"line":12,"column":4},"end":{"line":12,"column":279}},"2":{"start":{"line":13,"column":6},"end":{"line":13,"column":14}},"3":{"start":{"line":15,"column":4},"end":{"line":15,"column":20}},"4":{"start":{"line":16,"column":4},"end":{"line":16,"column":21}},"5":{"start":{"line":17,"column":4},"end":{"line":17,"column":12}},"6":{"start":{"line":25,"column":4},"end":{"line":25,"column":20}},"7":{"start":{"line":27,"column":4},"end":{"line":27,"column":12}},"8":{"start":{"line":34,"column":4},"end":{"line":34,"column":17}},"9":{"start":{"line":35,"column":4},"end":{"line":35,"column":16}},"10":{"start":{"line":42,"column":4},"end":{"line":42,"column":20}},"11":{"start":{"line":43,"column":4},"end":{"line":43,"column":17}},"12":{"start":{"line":44,"column":4},"end":{"line":44,"column":12}},"13":{"start":{"line":86,"column":4},"end":{"line":86,"column":23}},"14":{"start":{"line":95,"column":4},"end":{"line":95,"column":29}},"15":{"start":{"line":96,"column":4},"end":{"line":96,"column":42}},"16":{"start":{"line":99,"column":4},"end":{"line":99,"column":58}},"17":{"start":{"line":100,"column":4},"end":{"line":100,"column":44}},"18":{"start":{"line":101,"column":4},"end":{"line":101,"column":42}},"19":{"start":{"line":102,"column":4},"end":{"line":102,"column":15}},"20":{"start":{"line":111,"column":4},"end":{"line":111,"column":27}},"21":{"start":{"line":135,"column":4},"end":{"line":135,"column":29}},"22":{"start":{"line":136,"column":4},"end":{"line":136,"column":37}},"23":{"start":{"line":137,"column":4},"end":{"line":137,"column":48}},"24":{"start":{"line":139,"column":4},"end":{"line":139,"column":48}},"25":{"start":{"line":140,"column":4},"end":{"line":140,"column":44}},"26":{"start":{"line":141,"column":4},"end":{"line":141,"column":70}},"27":{"start":{"line":142,"column":4},"end":{"line":142,"column":37}},"28":{"start":{"line":143,"column":4},"end":{"line":143,"column":15}},"29":{"start":{"line":158,"column":4},"end":{"line":158,"column":34}},"30":{"start":{"line":159,"column":4},"end":{"line":159,"column":41}},"31":{"start":{"line":160,"column":4},"end":{"line":160,"column":47}},"32":{"start":{"line":161,"column":4},"end":{"line":161,"column":15}},"33":{"start":{"line":171,"column":4},"end":{"line":171,"column":36}},"34":{"start":{"line":185,"column":4},"end":{"line":185,"column":81}},"35":{"start":{"line":186,"column":4},"end":{"line":186,"column":70}},"36":{"start":{"line":187,"column":4},"end":{"line":187,"column":15}},"37":{"start":{"line":201,"column":4},"end":{"line":201,"column":48}},"38":{"start":{"line":202,"column":4},"end":{"line":202,"column":6964}},"39":{"start":{"line":203,"column":6},"end":{"line":203,"column":38}},"40":{"start":{"line":205,"column":6},"end":{"line":205,"column":67}},"41":{"start":{"line":207,"column":4},"end":{"line":207,"column":70}},"42":{"start":{"line":208,"column":4},"end":{"line":208,"column":15}},"43":{"start":{"line":230,"column":4},"end":{"line":230,"column":21}},"44":{"start":{"line":237,"column":4},"end":{"line":237,"column":31}},"45":{"start":{"line":246,"column":4},"end":{"line":246,"column":34}},"46":{"start":{"line":247,"column":4},"end":{"line":247,"column":46}},"47":{"start":{"line":248,"column":4},"end":{"line":248,"column":19}},"48":{"start":{"line":261,"column":4},"end":{"line":261,"column":38}},"49":{"start":{"line":265,"column":4},"end":{"line":265,"column":49}},"50":{"start":{"line":269,"column":4},"end":{"line":269,"column":42}},"51":{"start":{"line":273,"column":4},"end":{"line":273,"column":56}},"52":{"start":{"line":277,"column":4},"end":{"line":277,"column":61}},"53":{"start":{"line":284,"column":4},"end":{"line":284,"column":37}},"54":{"start":{"line":285,"column":4},"end":{"line":285,"column":62}},"55":{"start":{"line":286,"column":4},"end":{"line":286,"column":42}},"56":{"start":{"line":287,"column":4},"end":{"line":287,"column":39}},"57":{"start":{"line":288,"column":4},"end":{"line":288,"column":54}},"58":{"start":{"line":289,"column":4},"end":{"line":289,"column":15}},"59":{"start":{"line":302,"column":4},"end":{"line":302,"column":35}},"60":{"start":{"line":303,"column":4},"end":{"line":303,"column":20}},"61":{"start":{"line":304,"column":4},"end":{"line":304,"column":64}}},"branchMap":{"1":{"line":12,"type":"if","locations":[{"start":{"line":12,"column":4},"end":{"line":12,"column":4}},{"start":{"line":12,"column":4},"end":{"line":12,"column":4}}]},"2":{"line":16,"type":"if","locations":[{"start":{"line":16,"column":4},"end":{"line":16,"column":4}},{"start":{"line":16,"column":4},"end":{"line":16,"column":4}}]},"3":{"line":34,"type":"if","locations":[{"start":{"line":34,"column":4},"end":{"line":34,"column":4}},{"start":{"line":34,"column":4},"end":{"line":34,"column":4}}]},"4":{"line":43,"type":"if","locations":[{"start":{"line":43,"column":4},"end":{"line":43,"column":4}},{"start":{"line":43,"column":4},"end":{"line":43,"column":4}}]},"5":{"line":95,"type":"if","locations":[{"start":{"line":95,"column":4},"end":{"line":95,"column":4}},{"start":{"line":95,"column":4},"end":{"line":95,"column":4}}]},"6":{"line":96,"type":"if","locations":[{"start":{"line":96,"column":4},"end":{"line":96,"column":4}},{"start":{"line":96,"column":4},"end":{"line":96,"column":4}}]},"7":{"line":135,"type":"if","locations":[{"start":{"line":135,"column":4},"end":{"line":135,"column":4}},{"start":{"line":135,"column":4},"end":{"line":135,"column":4}}]},"8":{"line":136,"type":"if","locations":[{"start":{"line":136,"column":4},"end":{"line":136,"column":4}},{"start":{"line":136,"column":4},"end":{"line":136,"column":4}}]},"9":{"line":137,"type":"if","locations":[{"start":{"line":137,"column":4},"end":{"line":137,"column":4}},{"start":{"line":137,"column":4},"end":{"line":137,"column":4}}]},"10":{"line":158,"type":"if","locations":[{"start":{"line":158,"column":4},"end":{"line":158,"column":4}},{"start":{"line":158,"column":4},"end":{"line":158,"column":4}}]},"11":{"line":202,"type":"if","locations":[{"start":{"line":202,"column":4},"end":{"line":202,"column":4}},{"start":{"line":202,"column":4},"end":{"line":202,"column":4}}]},"12":{"line":237,"type":"if","locations":[{"start":{"line":237,"column":4},"end":{"line":237,"column":4}},{"start":{"line":237,"column":4},"end":{"line":237,"column":4}}]},"13":{"line":246,"type":"if","locations":[{"start":{"line":246,"column":4},"end":{"line":246,"column":4}},{"start":{"line":246,"column":4},"end":{"line":246,"column":4}}]},"14":{"line":287,"type":"if","locations":[{"start":{"line":287,"column":4},"end":{"line":287,"column":4}},{"start":{"line":287,"column":4},"end":{"line":287,"column":4}}]},"15":{"line":302,"type":"if","locations":[{"start":{"line":302,"column":4},"end":{"line":302,"column":4}},{"start":{"line":302,"column":4},"end":{"line":302,"column":4}}]}}}}