TN:
SF:/home/abhi/Projects/btcCredit/contracts/BTCCToken.sol
FN:22,safeAdd
FN:26,safeSub
FN:73,
FN:77,onlyOwner
FN:82,transferOwnership
FN:85,acceptOwnership
FN:112,
FN:119,distributeTokens
FN:134,distributedTokenCount
FN:141,totalSupply
FN:149,balanceOf
FN:159,transfer
FN:176,approve
FN:192,transferFrom
FN:208,mintToken
FN:217,freezeAccount
FN:224,burn
FN:232,burnFrom
FN:248,allowance
FN:256,
FN:264,transferAnyERC20Token
FN:268,destroyContract
FNF:22
FNH:20
FNDA:8,safeAdd
FNDA:8,safeSub
FNDA:1,
FNDA:16,onlyOwner
FNDA:1,transferOwnership
FNDA:1,acceptOwnership
FNDA:1,
FNDA:2,distributeTokens
FNDA:5,distributedTokenCount
FNDA:4,totalSupply
FNDA:23,balanceOf
FNDA:2,transfer
FNDA:1,approve
FNDA:1,transferFrom
FNDA:1,mintToken
FNDA:2,freezeAccount
FNDA:2,burn
FNDA:1,burnFrom
FNDA:4,allowance
FNDA:0,
FNDA:0,transferAnyERC20Token
FNDA:1,destroyContract
DA:23,8
DA:24,8
DA:27,8
DA:28,8
DA:74,1
DA:78,16
DA:79,12
DA:83,1
DA:86,1
DA:87,1
DA:88,1
DA:89,1
DA:113,1
DA:114,1
DA:115,1
DA:116,1
DA:121,2
DA:122,2
DA:123,1
DA:125,1
DA:127,1
DA:128,1
DA:135,5
DA:142,4
DA:150,23
DA:160,2
DA:161,1
DA:162,1
DA:163,1
DA:164,1
DA:177,1
DA:178,1
DA:179,1
DA:193,1
DA:194,1
DA:195,1
DA:196,1
DA:197,1
DA:198,1
DA:209,1
DA:210,1
DA:211,1
DA:213,1
DA:214,1
DA:218,2
DA:219,2
DA:225,2
DA:226,1
DA:227,1
DA:228,1
DA:229,1
DA:233,1
DA:234,1
DA:236,1
DA:237,1
DA:238,1
DA:240,1
DA:241,1
DA:249,4
DA:257,0
DA:265,0
DA:269,1
DA:270,1
LF:63
LH:61
BRDA:24,1,0,8
BRDA:24,1,1,0
BRDA:27,2,0,8
BRDA:27,2,1,0
BRDA:78,3,0,12
BRDA:78,3,1,4
BRDA:86,4,0,1
BRDA:86,4,1,0
BRDA:122,5,0,1
BRDA:122,5,1,1
BRDA:160,6,0,1
BRDA:160,6,1,1
BRDA:193,7,0,1
BRDA:193,7,1,0
BRDA:209,8,0,1
BRDA:209,8,1,0
BRDA:225,9,0,1
BRDA:225,9,1,1
BRDA:233,10,0,1
BRDA:233,10,1,0
BRDA:234,11,0,1
BRDA:234,11,1,0
BRF:22
BRH:15
end_of_record
TN:
SF:/home/abhi/Projects/btcCredit/contracts/TokenA.sol
FN:11,mul
FN:23,div
FN:33,sub
FN:41,add
FN:85,totalSupply
FN:94,transfer
FN:110,balanceOf
FN:134,transferFrom
FN:156,approve
FN:170,allowance
FN:184,increaseApproval
FN:200,decreaseApproval
FN:229,
FN:236,onlyOwner
FN:245,transferOwnership
FN:260,transfer
FN:264,transferFrom
FN:268,approve
FN:272,increaseApproval
FN:276,decreaseApproval
FN:282,releaseTokens
FN:300,
FNF:22
FNH:4
FNDA:1,mul
FNDA:0,div
FNDA:0,sub
FNDA:1,add
FNDA:0,totalSupply
FNDA:0,transfer
FNDA:0,balanceOf
FNDA:0,transferFrom
FNDA:0,approve
FNDA:0,allowance
FNDA:0,increaseApproval
FNDA:0,decreaseApproval
FNDA:1,
FNDA:0,onlyOwner
FNDA:0,transferOwnership
FNDA:0,transfer
FNDA:0,transferFrom
FNDA:0,approve
FNDA:0,increaseApproval
FNDA:0,decreaseApproval
FNDA:0,releaseTokens
FNDA:1,
DA:12,1
DA:13,0
DA:15,1
DA:16,1
DA:17,1
DA:25,0
DA:27,0
DA:34,0
DA:35,0
DA:42,1
DA:43,1
DA:44,1
DA:86,0
DA:95,0
DA:96,0
DA:99,0
DA:100,0
DA:101,0
DA:102,0
DA:111,0
DA:135,0
DA:136,0
DA:137,0
DA:139,0
DA:140,0
DA:141,0
DA:142,0
DA:143,0
DA:158,0
DA:159,0
DA:160,0
DA:161,0
DA:171,0
DA:185,0
DA:186,0
DA:187,0
DA:201,0
DA:202,0
DA:203,0
DA:205,0
DA:207,0
DA:208,0
DA:230,1
DA:237,0
DA:238,0
DA:246,0
DA:247,0
DA:248,0
DA:261,0
DA:265,0
DA:269,0
DA:273,0
DA:277,0
DA:284,0
DA:285,0
DA:286,0
DA:287,0
DA:288,0
DA:289,0
DA:302,1
DA:303,1
DA:304,1
LF:62
LH:11
BRDA:12,1,0,0
BRDA:12,1,1,1
BRDA:16,2,0,1
BRDA:16,2,1,0
BRDA:34,3,0,0
BRDA:34,3,1,0
BRDA:43,4,0,1
BRDA:43,4,1,0
BRDA:95,5,0,0
BRDA:95,5,1,0
BRDA:96,6,0,0
BRDA:96,6,1,0
BRDA:135,7,0,0
BRDA:135,7,1,0
BRDA:136,8,0,0
BRDA:136,8,1,0
BRDA:137,9,0,0
BRDA:137,9,1,0
BRDA:158,10,0,0
BRDA:158,10,1,0
BRDA:202,11,0,0
BRDA:202,11,1,0
BRDA:237,12,0,0
BRDA:237,12,1,0
BRDA:246,13,0,0
BRDA:246,13,1,0
BRDA:287,14,0,0
BRDA:287,14,1,0
BRDA:302,15,0,1
BRDA:302,15,1,0
BRF:30
BRH:4
end_of_record
